O Dataset contem 22 Artistas e 9483 Musicas
Os artistas mais populares sao:
(1) Artista: JP Cooper, Musicas: 20 musicas, Popularidade: 48.80, Link: https://open.spotify.com/artist/4kYGAK2zu9EAomwj3hXkXy
(2) Artista: Coldplay, Musicas: 372 musicas, Popularidade: 35.18, Link: https://open.spotify.com/artist/4gzpq5DPGxSnKTe4SA8HAU
(3) Artista: Metallica, Musicas: 1016 musicas, Popularidade: 32.24, Link: https://open.spotify.com/artist/2ye2Wgw4gimLv2eAKyk1NB
(4) Artista: Green Day, Musicas: 422 musicas, Popularidade: 30.20, Link: https://open.spotify.com/artist/7oPftvlwr6VrsViSDV7fJY
(5) Artista: Simple Plan, Musicas: 235 musicas, Popularidade: 29.21, Link: https://open.spotify.com/artist/2p4FqHnazRucYQHyDCdBrJ
(6) Artista: Iron Maiden, Musicas: 667 musicas, Popularidade: 28.64, Link: https://open.spotify.com/artist/6mdiAmATAx73kdxrNrnlao
(7) Artista: OneRepublic, Musicas: 358 musicas, Popularidade: 27.99, Link: https://open.spotify.com/artist/5Pwc4xIPtQLFEnJriah9YJ
(8) Artista: Engenheiros Do Hawaii, Musicas: 335 musicas, Popularidade: 26.54, Link: https://open.spotify.com/artist/0GNq4xh8uFCyihPurnunf7
(9) Artista: Firehouse, Musicas: 90 musicas, Popularidade: 23.29, Link: https://open.spotify.com/artist/28pS8WVbFstY0o1SrqCf8I
(10) Artista: Oasis, Musicas: 1153 musicas, Popularidade: 22.68, Link: https://open.spotify.com/artist/2DaxqgrOhkeH0fpeiQq2f4
(11) Artista: Lou Reed, Musicas: 20 musicas, Popularidade: 21.05, Link: https://open.spotify.com/artist/42TFhl7WlMRXiNqzSrnzPL
(12) Artista: Megadeth, Musicas: 729 musicas, Popularidade: 20.38, Link: https://open.spotify.com/artist/1Yox196W7bzVNZI7RBaPnf
(13) Artista: Scorpions, Musicas: 931 musicas, Popularidade: 17.82, Link: https://open.spotify.com/artist/27T030eWyCQRmDyuvr1kxY
(14) Artista: TOTO, Musicas: 552 musicas, Popularidade: 17.10, Link: https://open.spotify.com/artist/0PFtn5NtBbbUNbU9EAmIWF
(15) Artista: Lynyrd Skynyrd, Musicas: 701 musicas, Popularidade: 16.28, Link: https://open.spotify.com/artist/4MVyzYMgTwdP7Z49wAZHx0
(16) Artista: The Outfield, Musicas: 176 musicas, Popularidade: 16.02, Link: https://open.spotify.com/artist/1zxDewzd2j1ZdSBGaYcr0y
(17) Artista: Kansas, Musicas: 281 musicas, Popularidade: 15.74, Link: https://open.spotify.com/artist/2hl0xAkS2AIRAu23TVMBG1
(18) Artista: Foreigner, Musicas: 491 musicas, Popularidade: 15.43, Link: https://open.spotify.com/artist/6IRouO5mvvfcyxtPDKMYFN
(19) Artista: Marky Ramone, Musicas: 20 musicas, Popularidade: 14.90, Link: https://open.spotify.com/artist/32a9EW1q6Wwx4SBdrNETpI
(20) Artista: Nenhum De Nós, Musicas: 300 musicas, Popularidade: 13.45, Link: https://open.spotify.com/artist/3bKO3mmizIpDdwNVdp96B9
(21) Artista: Tequila Baby, Musicas: 100 musicas, Popularidade: 12.66, Link: https://open.spotify.com/artist/2PpPgzTMMJEEhJuTwvOTIg
(22) Artista: Europe, Musicas: 514 musicas, Popularidade: 10.79, Link: https://open.spotify.com/artist/7Js6Lde8thlIHXggv2SCBz
