O Dataset contem 53 Artistas e 16349 Musicas
Os artistas mais populares sao:
(1) Artista: Billie Eilish, Musicas: 14 musicas, Popularidade: 74.36, Link: https://open.spotify.com/artist/6qqNVTkY8uBg9cP3Jd7DAH
(2) Artista: Lewis Capaldi, Musicas: 27 musicas, Popularidade: 62.89, Link: https://open.spotify.com/artist/4GNC7GD6oZMSxPGyXy4MNB
(3) Artista: Dean Lewis, Musicas: 12 musicas, Popularidade: 62.08, Link: https://open.spotify.com/artist/3QSQFmccmX81fWCUSPTS7y
(4) Artista: Hayley Williams, Musicas: 15 musicas, Popularidade: 52.87, Link: https://open.spotify.com/artist/6Rx1JKzBrSzoKQtmbVmBnM
(5) Artista: JP Cooper, Musicas: 20 musicas, Popularidade: 48.80, Link: https://open.spotify.com/artist/4kYGAK2zu9EAomwj3hXkXy
(6) Artista: Ed Sheeran, Musicas: 285 musicas, Popularidade: 41.26, Link: https://open.spotify.com/artist/6eUKZXaKkcviH0Ku9w2n3V
(7) Artista: The Beatles, Musicas: 565 musicas, Popularidade: 40.26, Link: https://open.spotify.com/artist/3WrFJ7ztbogyGnTHbHJFl2
(8) Artista: Elenco Original Do Filme Ana e Vitória, Musicas: 7 musicas, Popularidade: 38.71, Link: https://open.spotify.com/artist/6lpfd8ftKTqR0tN6exg5Zg
(9) Artista: Criolo, Musicas: 70 musicas, Popularidade: 37.26, Link: https://open.spotify.com/artist/37ZflmHTdxkSLQuT8w9NBs
(10) Artista: Coldplay, Musicas: 372 musicas, Popularidade: 35.18, Link: https://open.spotify.com/artist/4gzpq5DPGxSnKTe4SA8HAU
(11) Artista: Tiago Iorc, Musicas: 112 musicas, Popularidade: 34.15, Link: https://open.spotify.com/artist/4iWkwAVzssjb8XgxdoOL6M
(12) Artista: Ivete Sangalo, Musicas: 12 musicas, Popularidade: 33.92, Link: https://open.spotify.com/artist/7dzq55YG3wjViqexDwiycQ
(13) Artista: Calum Scott, Musicas: 53 musicas, Popularidade: 33.08, Link: https://open.spotify.com/artist/6ydoSd3N2mwgwBHtF6K7eX
(14) Artista: Mariana Nolasco, Musicas: 28 musicas, Popularidade: 33.07, Link: https://open.spotify.com/artist/2DMXwm5MCyjDIQ7W3Zh7EH
(15) Artista: Metallica, Musicas: 1016 musicas, Popularidade: 32.24, Link: https://open.spotify.com/artist/2ye2Wgw4gimLv2eAKyk1NB
(16) Artista: Audioslave, Musicas: 118 musicas, Popularidade: 32.05, Link: https://open.spotify.com/artist/2ziB7fzrXBoh1HUPS6sVFn
(17) Artista: Anitta, Musicas: 107 musicas, Popularidade: 31.95, Link: https://open.spotify.com/artist/7FNnA9vBm6EKceENgCGRMb
(18) Artista: Green Day, Musicas: 422 musicas, Popularidade: 30.20, Link: https://open.spotify.com/artist/7oPftvlwr6VrsViSDV7fJY
(19) Artista: Simple Plan, Musicas: 235 musicas, Popularidade: 29.21, Link: https://open.spotify.com/artist/2p4FqHnazRucYQHyDCdBrJ
(20) Artista: Iron Maiden, Musicas: 667 musicas, Popularidade: 28.64, Link: https://open.spotify.com/artist/6mdiAmATAx73kdxrNrnlao
(21) Artista: OneRepublic, Musicas: 358 musicas, Popularidade: 27.99, Link: https://open.spotify.com/artist/5Pwc4xIPtQLFEnJriah9YJ
(22) Artista: Engenheiros Do Hawaii, Musicas: 335 musicas, Popularidade: 26.54, Link: https://open.spotify.com/artist/0GNq4xh8uFCyihPurnunf7
(23) Artista: James Arthur, Musicas: 145 musicas, Popularidade: 25.10, Link: https://open.spotify.com/artist/4IWBUUAFIplrNtaOHcJPRM
(24) Artista: Gilberto Gil, Musicas: 25 musicas, Popularidade: 23.92, Link: https://open.spotify.com/artist/7oEkUINVIj1Nr3Wnj8tzqr
(25) Artista: Firehouse, Musicas: 90 musicas, Popularidade: 23.29, Link: https://open.spotify.com/artist/28pS8WVbFstY0o1SrqCf8I
(26) Artista: Oasis, Musicas: 1153 musicas, Popularidade: 22.68, Link: https://open.spotify.com/artist/2DaxqgrOhkeH0fpeiQq2f4
(27) Artista: David Bowie, Musicas: 1099 musicas, Popularidade: 21.13, Link: https://open.spotify.com/artist/0oSGxfWSnnOXhD2fKuz2Gy
(28) Artista: Lou Reed, Musicas: 20 musicas, Popularidade: 21.05, Link: https://open.spotify.com/artist/42TFhl7WlMRXiNqzSrnzPL
(29) Artista: Megadeth, Musicas: 729 musicas, Popularidade: 20.38, Link: https://open.spotify.com/artist/1Yox196W7bzVNZI7RBaPnf
(30) Artista: Gavin James, Musicas: 285 musicas, Popularidade: 19.98, Link: https://open.spotify.com/artist/25tMQOrIU4LlUo6Sv8v5SE
(31) Artista: Frejat, Musicas: 116 musicas, Popularidade: 19.59, Link: https://open.spotify.com/artist/3WVjDclrbHsxjxhiOqHdnw
(32) Artista: Cássia Eller, Musicas: 308 musicas, Popularidade: 19.24, Link: https://open.spotify.com/artist/10naVTwNjE50daQVrN0bXh
(33) Artista: Calvin Harris, Musicas: 283 musicas, Popularidade: 19.21, Link: https://open.spotify.com/artist/7CajNmpbOovFoOoasH2HaY
(34) Artista: Nando Reis, Musicas: 439 musicas, Popularidade: 18.02, Link: https://open.spotify.com/artist/7n1XMwvxPf10t4OX6h6Ufy
(35) Artista: Scorpions, Musicas: 931 musicas, Popularidade: 17.82, Link: https://open.spotify.com/artist/27T030eWyCQRmDyuvr1kxY
(36) Artista: King Crimson, Musicas: 449 musicas, Popularidade: 17.50, Link: https://open.spotify.com/artist/7M1FPw29m5FbicYzS2xdpi
(37) Artista: TOTO, Musicas: 552 musicas, Popularidade: 17.10, Link: https://open.spotify.com/artist/0PFtn5NtBbbUNbU9EAmIWF
(38) Artista: Caetano Veloso, Musicas: 22 musicas, Popularidade: 16.82, Link: https://open.spotify.com/artist/7HGNYPmbDrMkylWqeFCOIQ
(39) Artista: Lynyrd Skynyrd, Musicas: 701 musicas, Popularidade: 16.28, Link: https://open.spotify.com/artist/4MVyzYMgTwdP7Z49wAZHx0
(40) Artista: The Outfield, Musicas: 176 musicas, Popularidade: 16.02, Link: https://open.spotify.com/artist/1zxDewzd2j1ZdSBGaYcr0y
(41) Artista: Kansas, Musicas: 281 musicas, Popularidade: 15.74, Link: https://open.spotify.com/artist/2hl0xAkS2AIRAu23TVMBG1
(42) Artista: Foreigner, Musicas: 491 musicas, Popularidade: 15.43, Link: https://open.spotify.com/artist/6IRouO5mvvfcyxtPDKMYFN
(43) Artista: Chico Buarque, Musicas: 1002 musicas, Popularidade: 15.08, Link: https://open.spotify.com/artist/6tOsSffQQIXmK8TqsDck8t
(44) Artista: Marky Ramone, Musicas: 20 musicas, Popularidade: 14.90, Link: https://open.spotify.com/artist/32a9EW1q6Wwx4SBdrNETpI
(45) Artista: Nenhum De Nós, Musicas: 300 musicas, Popularidade: 13.45, Link: https://open.spotify.com/artist/3bKO3mmizIpDdwNVdp96B9
(46) Artista: Tequila Baby, Musicas: 100 musicas, Popularidade: 12.66, Link: https://open.spotify.com/artist/2PpPgzTMMJEEhJuTwvOTIg
(47) Artista: Luis Enrique Bacalov, Musicas: 13 musicas, Popularidade: 12.23, Link: https://open.spotify.com/artist/2DPMcobpLKaKYRaH3rdlIo
(48) Artista: Ney Matogrosso, Musicas: 569 musicas, Popularidade: 11.62, Link: https://open.spotify.com/artist/2SFIMUkCdZowbeisskDdhn
(49) Artista: Europe, Musicas: 514 musicas, Popularidade: 10.79, Link: https://open.spotify.com/artist/7Js6Lde8thlIHXggv2SCBz
(50) Artista: Edu Lobo, Musicas: 11 musicas, Popularidade: 10.36, Link: https://open.spotify.com/artist/6u5P4S3NSj4EDNegDlOevO
(51) Artista: Fei Yuching, Musicas: 567 musicas, Popularidade: 8.87, Link: https://open.spotify.com/artist/6aSJ9LaNaHOKiPchLDYGYl
(52) Artista: Kyu Sakamoto, Musicas: 80 musicas, Popularidade: 6.97, Link: https://open.spotify.com/artist/3WKkjW8B7x5UZmfC9pnDmN
(53) Artista: Kevin McCall, Musicas: 28 musicas, Popularidade: 3.61, Link: https://open.spotify.com/artist/2teIxF2qgr0rYmTTMKiZ7s
